<?xml version="1.0" encoding="UTF-8"?>
<!-- Generated by org.testng.reporters.JUnitReportReporter -->
<testsuite hostname="DESKTOP-33R94TI" failures="0" tests="1" name="testCases.LoginCase" time="30.414" errors="0" timestamp="2023-02-07T14:22:36 IST" skipped="0">
  <testcase classname="testCases.LoginCase" name="locationpop" time="30.414"/>
  <system-out/>
</testsuite> <!-- testCases.LoginCase -->
